==73382== Memcheck, a memory error detector
==73382== Copyright (C) 2002-2017, and GNU GPL'd, by Julian Seward et al.
==73382== Using Valgrind-3.18.1-42b08ed5bd-20211015 and LibVEX; rerun with -h for copyright info
==73382== Command: /home/malulauar/ED/ed/PA4/reparado/c14correto
==73382== Parent PID: 73381
==73382== 
--73382-- 
--73382-- Valgrind options:
--73382--    --leak-check=full
--73382--    --track-origins=yes
--73382--    --verbose
--73382--    --log-file=/home/malulauar/ED/ed/PA4/reparado/c14correto-valgrind.log
--73382-- Contents of /proc/version:
--73382--   Linux version 5.15.167.4-microsoft-standard-WSL2 (root@f9c826d3017f) (gcc (GCC) 11.2.0, GNU ld (GNU Binutils) 2.37) #1 SMP Tue Nov 5 00:21:55 UTC 2024
--73382-- 
--73382-- Arch and hwcaps: AMD64, LittleEndian, amd64-cx16-rdtscp-sse3-ssse3
--73382-- Page sizes: currently 4096, max supported 4096
--73382-- Valgrind library directory: /usr/libexec/valgrind
--73382-- Reading syms from /home/malulauar/ED/ed/PA4/reparado/c14correto
--73382-- Reading syms from /usr/lib/x86_64-linux-gnu/ld-linux-x86-64.so.2
--73382--   Considering /usr/lib/debug/.build-id/41/86944c50f8a32b47d74931e3f512b811813b64.debug ..
--73382--   .. build-id is valid
--73382-- Reading syms from /usr/libexec/valgrind/memcheck-amd64-linux
--73382--    object doesn't have a symbol table
--73382--    object doesn't have a dynamic symbol table
--73382-- Scheduler: using generic scheduler lock implementation.
--73382-- Reading suppressions file: /usr/libexec/valgrind/default.supp
==73382== embedded gdbserver: reading from /tmp/vgdb-pipe-from-vgdb-to-73382-by-malulauar-on-???
==73382== embedded gdbserver: writing to   /tmp/vgdb-pipe-to-vgdb-from-73382-by-malulauar-on-???
==73382== embedded gdbserver: shared mem   /tmp/vgdb-pipe-shared-mem-vgdb-73382-by-malulauar-on-???
==73382== 
==73382== TO CONTROL THIS PROCESS USING vgdb (which you probably
==73382== don't want to do, unless you know exactly what you're doing,
==73382== or are doing some strange experiment):
==73382==   /usr/bin/vgdb --pid=73382 ...command...
==73382== 
==73382== TO DEBUG THIS PROCESS USING GDB: start GDB like this
==73382==   /path/to/gdb /home/malulauar/ED/ed/PA4/reparado/c14correto
==73382== and then give GDB the following command
==73382==   target remote | /usr/bin/vgdb --pid=73382
==73382== --pid is optional if only one valgrind process is running
==73382== 
--73382-- REDIR: 0x402aa40 (ld-linux-x86-64.so.2:strlen) redirected to 0x580bcec2 (???)
--73382-- REDIR: 0x402a810 (ld-linux-x86-64.so.2:index) redirected to 0x580bcedc (???)
--73382-- Reading syms from /usr/libexec/valgrind/vgpreload_core-amd64-linux.so
--73382--    object doesn't have a symbol table
--73382-- Reading syms from /usr/libexec/valgrind/vgpreload_memcheck-amd64-linux.so
--73382--    object doesn't have a symbol table
==73382== WARNING: new redirection conflicts with existing -- ignoring it
--73382--     old: 0x0402aa40 (strlen              ) R-> (0000.0) 0x580bcec2 ???
--73382--     new: 0x0402aa40 (strlen              ) R-> (2007.0) 0x0484ee30 strlen
--73382-- REDIR: 0x4027220 (ld-linux-x86-64.so.2:strcmp) redirected to 0x484fcd0 (strcmp)
--73382-- REDIR: 0x402afa0 (ld-linux-x86-64.so.2:mempcpy) redirected to 0x4853840 (mempcpy)
--73382-- Reading syms from /usr/lib/x86_64-linux-gnu/libc.so.6
--73382--   Considering /usr/lib/debug/.build-id/49/0fef8403240c91833978d494d39e537409b92e.debug ..
--73382--   .. build-id is valid
==73382== WARNING: new redirection conflicts with existing -- ignoring it
--73382--     old: 0x04905c60 (memalign            ) R-> (1011.0) 0x0484e080 memalign
--73382--     new: 0x04905c60 (memalign            ) R-> (1017.0) 0x0484e050 aligned_alloc
==73382== WARNING: new redirection conflicts with existing -- ignoring it
--73382--     old: 0x04905c60 (memalign            ) R-> (1011.0) 0x0484e080 memalign
--73382--     new: 0x04905c60 (memalign            ) R-> (1017.0) 0x0484e020 aligned_alloc
==73382== WARNING: new redirection conflicts with existing -- ignoring it
--73382--     old: 0x04905c60 (memalign            ) R-> (1011.0) 0x0484e080 memalign
--73382--     new: 0x04905c60 (memalign            ) R-> (1017.0) 0x0484e050 aligned_alloc
==73382== WARNING: new redirection conflicts with existing -- ignoring it
--73382--     old: 0x04905c60 (memalign            ) R-> (1011.0) 0x0484e080 memalign
--73382--     new: 0x04905c60 (memalign            ) R-> (1017.0) 0x0484e020 aligned_alloc
--73382-- REDIR: 0x4908720 (libc.so.6:strnlen) redirected to 0x483f220 (_vgnU_ifunc_wrapper)
--73382-- REDIR: 0x49089e0 (libc.so.6:strpbrk) redirected to 0x483f220 (_vgnU_ifunc_wrapper)
--73382-- REDIR: 0x49082e0 (libc.so.6:strcmp) redirected to 0x483f220 (_vgnU_ifunc_wrapper)
--73382-- REDIR: 0x4926cd0 (libc.so.6:wcsnlen) redirected to 0x483f220 (_vgnU_ifunc_wrapper)
--73382-- REDIR: 0x49096d0 (libc.so.6:memset) redirected to 0x483f220 (_vgnU_ifunc_wrapper)
--73382-- REDIR: 0x4925540 (libc.so.6:wcslen) redirected to 0x483f220 (_vgnU_ifunc_wrapper)
--73382-- REDIR: 0x4909c10 (libc.so.6:memcpy@@GLIBC_2.14) redirected to 0x483f220 (_vgnU_ifunc_wrapper)
--73382-- REDIR: 0x4925370 (libc.so.6:wcschr) redirected to 0x483f220 (_vgnU_ifunc_wrapper)
--73382-- REDIR: 0x4908260 (libc.so.6:index) redirected to 0x483f220 (_vgnU_ifunc_wrapper)
--73382-- REDIR: 0x4908960 (libc.so.6:rindex) redirected to 0x483f220 (_vgnU_ifunc_wrapper)
--73382-- REDIR: 0x49095a0 (libc.so.6:memmove) redirected to 0x483f220 (_vgnU_ifunc_wrapper)
--73382-- REDIR: 0x49253f0 (libc.so.6:wcscmp) redirected to 0x483f220 (_vgnU_ifunc_wrapper)
--73382-- REDIR: 0x49099e0 (libc.so.6:stpncpy) redirected to 0x483f220 (_vgnU_ifunc_wrapper)
--73382-- REDIR: 0x49259b0 (libc.so.6:wmemchr) redirected to 0x483f220 (_vgnU_ifunc_wrapper)
--73382-- REDIR: 0x4908830 (libc.so.6:strncmp) redirected to 0x483f220 (_vgnU_ifunc_wrapper)
--73382-- REDIR: 0x4909a70 (libc.so.6:strcasecmp) redirected to 0x483f220 (_vgnU_ifunc_wrapper)
--73382-- REDIR: 0x4908420 (libc.so.6:strcspn) redirected to 0x483f220 (_vgnU_ifunc_wrapper)
--73382-- REDIR: 0x4925470 (libc.so.6:wcscpy) redirected to 0x483f220 (_vgnU_ifunc_wrapper)
--73382-- REDIR: 0x49081d0 (libc.so.6:strcat) redirected to 0x483f220 (_vgnU_ifunc_wrapper)
--73382-- REDIR: 0x4909b60 (libc.so.6:strncasecmp_l) redirected to 0x483f220 (_vgnU_ifunc_wrapper)
--73382-- REDIR: 0x4909480 (libc.so.6:bcmp) redirected to 0x483f220 (_vgnU_ifunc_wrapper)
--73382-- REDIR: 0x4911570 (libc.so.6:memrchr) redirected to 0x483f220 (_vgnU_ifunc_wrapper)
--73382-- REDIR: 0x490b010 (libc.so.6:strchrnul) redirected to 0x483f220 (_vgnU_ifunc_wrapper)
--73382-- REDIR: 0x4908390 (libc.so.6:strcpy) redirected to 0x483f220 (_vgnU_ifunc_wrapper)
--73382-- REDIR: 0x4909b10 (libc.so.6:strcasecmp_l) redirected to 0x483f220 (_vgnU_ifunc_wrapper)
--73382-- REDIR: 0x49086a0 (libc.so.6:strlen) redirected to 0x483f220 (_vgnU_ifunc_wrapper)
--73382-- REDIR: 0x49088d0 (libc.so.6:strncpy) redirected to 0x483f220 (_vgnU_ifunc_wrapper)
--73382-- REDIR: 0x4909950 (libc.so.6:stpcpy) redirected to 0x483f220 (_vgnU_ifunc_wrapper)
--73382-- REDIR: 0x49093f0 (libc.so.6:memchr) redirected to 0x483f220 (_vgnU_ifunc_wrapper)
--73382-- REDIR: 0x4908b00 (libc.so.6:strspn) redirected to 0x483f220 (_vgnU_ifunc_wrapper)
--73382-- REDIR: 0x49097d0 (libc.so.6:mempcpy) redirected to 0x483f220 (_vgnU_ifunc_wrapper)
--73382-- REDIR: 0x4909ac0 (libc.so.6:strncasecmp) redirected to 0x483f220 (_vgnU_ifunc_wrapper)
--73382-- REDIR: 0x490af80 (libc.so.6:rawmemchr) redirected to 0x483f220 (_vgnU_ifunc_wrapper)
--73382-- REDIR: 0x491a650 (libc.so.6:__strrchr_sse2) redirected to 0x484e870 (__strrchr_sse2)
--73382-- REDIR: 0x491a440 (libc.so.6:__strchrnul_sse2) redirected to 0x4853330 (strchrnul)
--73382-- REDIR: 0x49050a0 (libc.so.6:malloc) redirected to 0x4848820 (malloc)
==73382== Conditional jump or move depends on uninitialised value(s)
==73382==    at 0x1091F7: main (c14correto.c:9)
==73382==  Uninitialised value was created by a stack allocation
==73382==    at 0x109189: main (c14correto.c:3)
==73382== 
--73382-- REDIR: 0x4924850 (libc.so.6:__mempcpy_sse2_unaligned) redirected to 0x4853440 (mempcpy)
==73382== Conditional jump or move depends on uninitialised value(s)
==73382==    at 0x48D6AD6: __vfprintf_internal (vfprintf-internal.c:1516)
==73382==    by 0x48C079E: printf (printf.c:33)
==73382==    by 0x109214: main (c14correto.c:12)
==73382==  Uninitialised value was created by a stack allocation
==73382==    at 0x109189: main (c14correto.c:3)
==73382== 
==73382== Use of uninitialised value of size 8
==73382==    at 0x48BA2EB: _itoa_word (_itoa.c:177)
==73382==    by 0x48D5ABD: __vfprintf_internal (vfprintf-internal.c:1516)
==73382==    by 0x48C079E: printf (printf.c:33)
==73382==    by 0x109214: main (c14correto.c:12)
==73382==  Uninitialised value was created by a stack allocation
==73382==    at 0x109189: main (c14correto.c:3)
==73382== 
==73382== Conditional jump or move depends on uninitialised value(s)
==73382==    at 0x48BA2FC: _itoa_word (_itoa.c:177)
==73382==    by 0x48D5ABD: __vfprintf_internal (vfprintf-internal.c:1516)
==73382==    by 0x48C079E: printf (printf.c:33)
==73382==    by 0x109214: main (c14correto.c:12)
==73382==  Uninitialised value was created by a stack allocation
==73382==    at 0x109189: main (c14correto.c:3)
==73382== 
==73382== Conditional jump or move depends on uninitialised value(s)
==73382==    at 0x48D65C3: __vfprintf_internal (vfprintf-internal.c:1516)
==73382==    by 0x48C079E: printf (printf.c:33)
==73382==    by 0x109214: main (c14correto.c:12)
==73382==  Uninitialised value was created by a stack allocation
==73382==    at 0x109189: main (c14correto.c:3)
==73382== 
==73382== Conditional jump or move depends on uninitialised value(s)
==73382==    at 0x48D5C05: __vfprintf_internal (vfprintf-internal.c:1516)
==73382==    by 0x48C079E: printf (printf.c:33)
==73382==    by 0x109214: main (c14correto.c:12)
==73382==  Uninitialised value was created by a stack allocation
==73382==    at 0x109189: main (c14correto.c:3)
==73382== 
--73382-- REDIR: 0x49053e0 (libc.so.6:free) redirected to 0x484b210 (free)
==73382== 
==73382== HEAP SUMMARY:
==73382==     in use at exit: 0 bytes in 0 blocks
==73382==   total heap usage: 2 allocs, 2 frees, 2,048 bytes allocated
==73382== 
==73382== All heap blocks were freed -- no leaks are possible
==73382== 
==73382== ERROR SUMMARY: 6 errors from 6 contexts (suppressed: 0 from 0)
==73382== 
==73382== 1 errors in context 1 of 6:
==73382== Conditional jump or move depends on uninitialised value(s)
==73382==    at 0x48D5C05: __vfprintf_internal (vfprintf-internal.c:1516)
==73382==    by 0x48C079E: printf (printf.c:33)
==73382==    by 0x109214: main (c14correto.c:12)
==73382==  Uninitialised value was created by a stack allocation
==73382==    at 0x109189: main (c14correto.c:3)
==73382== 
==73382== 
==73382== 1 errors in context 2 of 6:
==73382== Conditional jump or move depends on uninitialised value(s)
==73382==    at 0x48D65C3: __vfprintf_internal (vfprintf-internal.c:1516)
==73382==    by 0x48C079E: printf (printf.c:33)
==73382==    by 0x109214: main (c14correto.c:12)
==73382==  Uninitialised value was created by a stack allocation
==73382==    at 0x109189: main (c14correto.c:3)
==73382== 
==73382== 
==73382== 1 errors in context 3 of 6:
==73382== Conditional jump or move depends on uninitialised value(s)
==73382==    at 0x48BA2FC: _itoa_word (_itoa.c:177)
==73382==    by 0x48D5ABD: __vfprintf_internal (vfprintf-internal.c:1516)
==73382==    by 0x48C079E: printf (printf.c:33)
==73382==    by 0x109214: main (c14correto.c:12)
==73382==  Uninitialised value was created by a stack allocation
==73382==    at 0x109189: main (c14correto.c:3)
==73382== 
==73382== 
==73382== 1 errors in context 4 of 6:
==73382== Use of uninitialised value of size 8
==73382==    at 0x48BA2EB: _itoa_word (_itoa.c:177)
==73382==    by 0x48D5ABD: __vfprintf_internal (vfprintf-internal.c:1516)
==73382==    by 0x48C079E: printf (printf.c:33)
==73382==    by 0x109214: main (c14correto.c:12)
==73382==  Uninitialised value was created by a stack allocation
==73382==    at 0x109189: main (c14correto.c:3)
==73382== 
==73382== 
==73382== 1 errors in context 5 of 6:
==73382== Conditional jump or move depends on uninitialised value(s)
==73382==    at 0x48D6AD6: __vfprintf_internal (vfprintf-internal.c:1516)
==73382==    by 0x48C079E: printf (printf.c:33)
==73382==    by 0x109214: main (c14correto.c:12)
==73382==  Uninitialised value was created by a stack allocation
==73382==    at 0x109189: main (c14correto.c:3)
==73382== 
==73382== 
==73382== 1 errors in context 6 of 6:
==73382== Conditional jump or move depends on uninitialised value(s)
==73382==    at 0x1091F7: main (c14correto.c:9)
==73382==  Uninitialised value was created by a stack allocation
==73382==    at 0x109189: main (c14correto.c:3)
==73382== 
==73382== ERROR SUMMARY: 6 errors from 6 contexts (suppressed: 0 from 0)
