==60239== Memcheck, a memory error detector
==60239== Copyright (C) 2002-2017, and GNU GPL'd, by Julian Seward et al.
==60239== Using Valgrind-3.18.1-42b08ed5bd-20211015 and LibVEX; rerun with -h for copyright info
==60239== Command: /home/malulauar/ED/ed/PA4/reparado/c1correto
==60239== Parent PID: 60238
==60239== 
--60239-- 
--60239-- Valgrind options:
--60239--    --leak-check=full
--60239--    --track-origins=yes
--60239--    --verbose
--60239--    --log-file=/home/malulauar/ED/ed/PA4/reparado/c1correto-valgrind.log
--60239-- Contents of /proc/version:
--60239--   Linux version 5.15.167.4-microsoft-standard-WSL2 (root@f9c826d3017f) (gcc (GCC) 11.2.0, GNU ld (GNU Binutils) 2.37) #1 SMP Tue Nov 5 00:21:55 UTC 2024
--60239-- 
--60239-- Arch and hwcaps: AMD64, LittleEndian, amd64-cx16-rdtscp-sse3-ssse3
--60239-- Page sizes: currently 4096, max supported 4096
--60239-- Valgrind library directory: /usr/libexec/valgrind
--60239-- Reading syms from /home/malulauar/ED/ed/PA4/reparado/c1correto
--60239-- Reading syms from /usr/lib/x86_64-linux-gnu/ld-linux-x86-64.so.2
--60239--   Considering /usr/lib/debug/.build-id/41/86944c50f8a32b47d74931e3f512b811813b64.debug ..
--60239--   .. build-id is valid
--60239-- Reading syms from /usr/libexec/valgrind/memcheck-amd64-linux
--60239--    object doesn't have a symbol table
--60239--    object doesn't have a dynamic symbol table
--60239-- Scheduler: using generic scheduler lock implementation.
--60239-- Reading suppressions file: /usr/libexec/valgrind/default.supp
==60239== embedded gdbserver: reading from /tmp/vgdb-pipe-from-vgdb-to-60239-by-malulauar-on-???
==60239== embedded gdbserver: writing to   /tmp/vgdb-pipe-to-vgdb-from-60239-by-malulauar-on-???
==60239== embedded gdbserver: shared mem   /tmp/vgdb-pipe-shared-mem-vgdb-60239-by-malulauar-on-???
==60239== 
==60239== TO CONTROL THIS PROCESS USING vgdb (which you probably
==60239== don't want to do, unless you know exactly what you're doing,
==60239== or are doing some strange experiment):
==60239==   /usr/bin/vgdb --pid=60239 ...command...
==60239== 
==60239== TO DEBUG THIS PROCESS USING GDB: start GDB like this
==60239==   /path/to/gdb /home/malulauar/ED/ed/PA4/reparado/c1correto
==60239== and then give GDB the following command
==60239==   target remote | /usr/bin/vgdb --pid=60239
==60239== --pid is optional if only one valgrind process is running
==60239== 
--60239-- REDIR: 0x402aa40 (ld-linux-x86-64.so.2:strlen) redirected to 0x580bcec2 (???)
--60239-- REDIR: 0x402a810 (ld-linux-x86-64.so.2:index) redirected to 0x580bcedc (???)
==60239== 
==60239== Process terminating with default action of signal 15 (SIGTERM)
==60239==    at 0x4026B16: __open_nocancel (open64_nocancel.c:39)
==60239==    by 0x4007658: open_verify.constprop.1 (dl-load.c:1626)
==60239==    by 0x400A5B3: _dl_map_object (dl-load.c:2265)
==60239==    by 0x40203D8: map_doit (rtld.c:666)
==60239==    by 0x401D349: _dl_catch_exception (dl-error-skeleton.c:208)
==60239==    by 0x401D3F2: _dl_catch_error (dl-error-skeleton.c:227)
==60239==    by 0x4021820: do_preload (rtld.c:841)
==60239==    by 0x4021820: handle_preload_list (rtld.c:917)
==60239==    by 0x4024AB8: dl_main (rtld.c:1847)
==60239==    by 0x401F83B: _dl_sysdep_start (dl-sysdep.c:256)
==60239==    by 0x4021597: _dl_start_final (rtld.c:507)
==60239==    by 0x4021597: _dl_start (rtld.c:596)
==60239==    by 0x4020297: ??? (in /usr/lib/x86_64-linux-gnu/ld-linux-x86-64.so.2)
==60239== 
==60239== HEAP SUMMARY:
==60239==     in use at exit: 0 bytes in 0 blocks
==60239==   total heap usage: 0 allocs, 0 frees, 0 bytes allocated
==60239== 
==60239== All heap blocks were freed -- no leaks are possible
==60239== 
==60239== ERROR SUMMARY: 0 errors from 0 contexts (suppressed: 0 from 0)
