==61249== Memcheck, a memory error detector
==61249== Copyright (C) 2002-2017, and GNU GPL'd, by Julian Seward et al.
==61249== Using Valgrind-3.18.1-42b08ed5bd-20211015 and LibVEX; rerun with -h for copyright info
==61249== Command: /home/malulauar/ED/ed/PA4/reparado/c9correto
==61249== Parent PID: 61248
==61249== 
--61249-- 
--61249-- Valgrind options:
--61249--    --leak-check=full
--61249--    --track-origins=yes
--61249--    --verbose
--61249--    --log-file=/home/malulauar/ED/ed/PA4/reparado/c9correto-valgrind.log
--61249-- Contents of /proc/version:
--61249--   Linux version 5.15.167.4-microsoft-standard-WSL2 (root@f9c826d3017f) (gcc (GCC) 11.2.0, GNU ld (GNU Binutils) 2.37) #1 SMP Tue Nov 5 00:21:55 UTC 2024
--61249-- 
--61249-- Arch and hwcaps: AMD64, LittleEndian, amd64-cx16-rdtscp-sse3-ssse3
--61249-- Page sizes: currently 4096, max supported 4096
--61249-- Valgrind library directory: /usr/libexec/valgrind
--61249-- Reading syms from /home/malulauar/ED/ed/PA4/reparado/c9correto
--61249-- Reading syms from /usr/lib/x86_64-linux-gnu/ld-linux-x86-64.so.2
--61249--   Considering /usr/lib/debug/.build-id/41/86944c50f8a32b47d74931e3f512b811813b64.debug ..
--61249--   .. build-id is valid
--61249-- Reading syms from /usr/libexec/valgrind/memcheck-amd64-linux
--61249--    object doesn't have a symbol table
--61249--    object doesn't have a dynamic symbol table
--61249-- Scheduler: using generic scheduler lock implementation.
--61249-- Reading suppressions file: /usr/libexec/valgrind/default.supp
==61249== embedded gdbserver: reading from /tmp/vgdb-pipe-from-vgdb-to-61249-by-malulauar-on-???
==61249== embedded gdbserver: writing to   /tmp/vgdb-pipe-to-vgdb-from-61249-by-malulauar-on-???
==61249== embedded gdbserver: shared mem   /tmp/vgdb-pipe-shared-mem-vgdb-61249-by-malulauar-on-???
==61249== 
==61249== TO CONTROL THIS PROCESS USING vgdb (which you probably
==61249== don't want to do, unless you know exactly what you're doing,
==61249== or are doing some strange experiment):
==61249==   /usr/bin/vgdb --pid=61249 ...command...
==61249== 
==61249== TO DEBUG THIS PROCESS USING GDB: start GDB like this
==61249==   /path/to/gdb /home/malulauar/ED/ed/PA4/reparado/c9correto
==61249== and then give GDB the following command
==61249==   target remote | /usr/bin/vgdb --pid=61249
==61249== --pid is optional if only one valgrind process is running
==61249== 
--61249-- REDIR: 0x402aa40 (ld-linux-x86-64.so.2:strlen) redirected to 0x580bcec2 (???)
--61249-- REDIR: 0x402a810 (ld-linux-x86-64.so.2:index) redirected to 0x580bcedc (???)
--61249-- Reading syms from /usr/libexec/valgrind/vgpreload_core-amd64-linux.so
--61249--    object doesn't have a symbol table
--61249-- Reading syms from /usr/libexec/valgrind/vgpreload_memcheck-amd64-linux.so
--61249--    object doesn't have a symbol table
==61249== WARNING: new redirection conflicts with existing -- ignoring it
--61249--     old: 0x0402aa40 (strlen              ) R-> (0000.0) 0x580bcec2 ???
--61249--     new: 0x0402aa40 (strlen              ) R-> (2007.0) 0x0484ee30 strlen
--61249-- REDIR: 0x4027220 (ld-linux-x86-64.so.2:strcmp) redirected to 0x484fcd0 (strcmp)
--61249-- REDIR: 0x402afa0 (ld-linux-x86-64.so.2:mempcpy) redirected to 0x4853840 (mempcpy)
--61249-- Reading syms from /usr/lib/x86_64-linux-gnu/libc.so.6
--61249--   Considering /usr/lib/debug/.build-id/49/0fef8403240c91833978d494d39e537409b92e.debug ..
--61249--   .. build-id is valid
==61249== WARNING: new redirection conflicts with existing -- ignoring it
--61249--     old: 0x04905c60 (memalign            ) R-> (1011.0) 0x0484e080 memalign
--61249--     new: 0x04905c60 (memalign            ) R-> (1017.0) 0x0484e050 aligned_alloc
==61249== WARNING: new redirection conflicts with existing -- ignoring it
--61249--     old: 0x04905c60 (memalign            ) R-> (1011.0) 0x0484e080 memalign
--61249--     new: 0x04905c60 (memalign            ) R-> (1017.0) 0x0484e020 aligned_alloc
==61249== WARNING: new redirection conflicts with existing -- ignoring it
--61249--     old: 0x04905c60 (memalign            ) R-> (1011.0) 0x0484e080 memalign
--61249--     new: 0x04905c60 (memalign            ) R-> (1017.0) 0x0484e050 aligned_alloc
==61249== WARNING: new redirection conflicts with existing -- ignoring it
--61249--     old: 0x04905c60 (memalign            ) R-> (1011.0) 0x0484e080 memalign
--61249--     new: 0x04905c60 (memalign            ) R-> (1017.0) 0x0484e020 aligned_alloc
--61249-- REDIR: 0x4908720 (libc.so.6:strnlen) redirected to 0x483f220 (_vgnU_ifunc_wrapper)
--61249-- REDIR: 0x49089e0 (libc.so.6:strpbrk) redirected to 0x483f220 (_vgnU_ifunc_wrapper)
--61249-- REDIR: 0x49082e0 (libc.so.6:strcmp) redirected to 0x483f220 (_vgnU_ifunc_wrapper)
--61249-- REDIR: 0x4926cd0 (libc.so.6:wcsnlen) redirected to 0x483f220 (_vgnU_ifunc_wrapper)
--61249-- REDIR: 0x49096d0 (libc.so.6:memset) redirected to 0x483f220 (_vgnU_ifunc_wrapper)
--61249-- REDIR: 0x4925540 (libc.so.6:wcslen) redirected to 0x483f220 (_vgnU_ifunc_wrapper)
--61249-- REDIR: 0x4909c10 (libc.so.6:memcpy@@GLIBC_2.14) redirected to 0x483f220 (_vgnU_ifunc_wrapper)
--61249-- REDIR: 0x4925370 (libc.so.6:wcschr) redirected to 0x483f220 (_vgnU_ifunc_wrapper)
--61249-- REDIR: 0x4908260 (libc.so.6:index) redirected to 0x483f220 (_vgnU_ifunc_wrapper)
--61249-- REDIR: 0x4908960 (libc.so.6:rindex) redirected to 0x483f220 (_vgnU_ifunc_wrapper)
--61249-- REDIR: 0x49095a0 (libc.so.6:memmove) redirected to 0x483f220 (_vgnU_ifunc_wrapper)
--61249-- REDIR: 0x49253f0 (libc.so.6:wcscmp) redirected to 0x483f220 (_vgnU_ifunc_wrapper)
--61249-- REDIR: 0x49099e0 (libc.so.6:stpncpy) redirected to 0x483f220 (_vgnU_ifunc_wrapper)
--61249-- REDIR: 0x49259b0 (libc.so.6:wmemchr) redirected to 0x483f220 (_vgnU_ifunc_wrapper)
--61249-- REDIR: 0x4908830 (libc.so.6:strncmp) redirected to 0x483f220 (_vgnU_ifunc_wrapper)
--61249-- REDIR: 0x4909a70 (libc.so.6:strcasecmp) redirected to 0x483f220 (_vgnU_ifunc_wrapper)
--61249-- REDIR: 0x4908420 (libc.so.6:strcspn) redirected to 0x483f220 (_vgnU_ifunc_wrapper)
--61249-- REDIR: 0x4925470 (libc.so.6:wcscpy) redirected to 0x483f220 (_vgnU_ifunc_wrapper)
--61249-- REDIR: 0x49081d0 (libc.so.6:strcat) redirected to 0x483f220 (_vgnU_ifunc_wrapper)
--61249-- REDIR: 0x4909b60 (libc.so.6:strncasecmp_l) redirected to 0x483f220 (_vgnU_ifunc_wrapper)
--61249-- REDIR: 0x4909480 (libc.so.6:bcmp) redirected to 0x483f220 (_vgnU_ifunc_wrapper)
--61249-- REDIR: 0x4911570 (libc.so.6:memrchr) redirected to 0x483f220 (_vgnU_ifunc_wrapper)
--61249-- REDIR: 0x490b010 (libc.so.6:strchrnul) redirected to 0x483f220 (_vgnU_ifunc_wrapper)
--61249-- REDIR: 0x4908390 (libc.so.6:strcpy) redirected to 0x483f220 (_vgnU_ifunc_wrapper)
--61249-- REDIR: 0x4909b10 (libc.so.6:strcasecmp_l) redirected to 0x483f220 (_vgnU_ifunc_wrapper)
--61249-- REDIR: 0x49086a0 (libc.so.6:strlen) redirected to 0x483f220 (_vgnU_ifunc_wrapper)
--61249-- REDIR: 0x49088d0 (libc.so.6:strncpy) redirected to 0x483f220 (_vgnU_ifunc_wrapper)
--61249-- REDIR: 0x4909950 (libc.so.6:stpcpy) redirected to 0x483f220 (_vgnU_ifunc_wrapper)
--61249-- REDIR: 0x49093f0 (libc.so.6:memchr) redirected to 0x483f220 (_vgnU_ifunc_wrapper)
--61249-- REDIR: 0x4908b00 (libc.so.6:strspn) redirected to 0x483f220 (_vgnU_ifunc_wrapper)
--61249-- REDIR: 0x49097d0 (libc.so.6:mempcpy) redirected to 0x483f220 (_vgnU_ifunc_wrapper)
--61249-- REDIR: 0x4909ac0 (libc.so.6:strncasecmp) redirected to 0x483f220 (_vgnU_ifunc_wrapper)
--61249-- REDIR: 0x490af80 (libc.so.6:rawmemchr) redirected to 0x483f220 (_vgnU_ifunc_wrapper)
--61249-- REDIR: 0x491a650 (libc.so.6:__strrchr_sse2) redirected to 0x484e870 (__strrchr_sse2)
--61249-- REDIR: 0x49050a0 (libc.so.6:malloc) redirected to 0x4848820 (malloc)
--61249-- REDIR: 0x49053e0 (libc.so.6:free) redirected to 0x484b210 (free)
==61249== 
==61249== HEAP SUMMARY:
==61249==     in use at exit: 0 bytes in 0 blocks
==61249==   total heap usage: 1 allocs, 1 frees, 40 bytes allocated
==61249== 
==61249== All heap blocks were freed -- no leaks are possible
==61249== 
==61249== ERROR SUMMARY: 0 errors from 0 contexts (suppressed: 0 from 0)
